<?xml version="1.0" encoding="UTF-8"?>
<testng-results ignored="0" total="1" passed="1" failed="0" skipped="0">
  <reporter-output>
  </reporter-output>
  <suite started-at="2024-01-08T09:12:00 IST" name="Default suite" finished-at="2024-01-08T09:12:00 IST" duration-ms="49">
    <groups>
    </groups>
    <test started-at="2024-01-08T09:12:00 IST" name="Default test" finished-at="2024-01-08T09:12:00 IST" duration-ms="49">
      <class name="com.selenium.testng.PreAndPostCondition">
        <test-method signature="postCondition()[pri:0, instance:com.selenium.testng.PreAndPostCondition@53fe15ff]" started-at="2024-01-08T09:12:00 IST" name="postCondition" finished-at="2024-01-08T09:12:00 IST" duration-ms="8" status="PASS">
          <reporter-output>
          </reporter-output>
        </test-method> <!-- postCondition -->
      </class> <!-- com.selenium.testng.PreAndPostCondition -->
    </test> <!-- Default test -->
  </suite> <!-- Default suite -->
</testng-results>
